# JRE version: OpenJDK Runtime Environment (11.0.10) (build 11.0.10+0-b96-7249189)
# Java VM: OpenJDK 64-Bit Server VM (11.0.10+0-b96-7249189, mixed mode, tiered, compressed oops, g1 gc, windows-amd64)
Heap:
 garbage-first heap   total 194560K, used 119604K [0x0000000080000000, 0x0000000100000000)
  region size 1024K, 74 young (75776K), 9 survivors (9216K)
 Metaspace       used 72236K, capacity 73901K, committed 73984K, reserved 1114112K
  class space    used 9365K, capacity 9974K, committed 9984K, reserved 1048576K
GC Heap History (16 events):
Event: 0.880 GC heap before
{Heap before GC invocations=0 (full 0):
 garbage-first heap   total 194560K, used 29696K [0x0000000080000000, 0x0000000100000000)
  region size 1024K, 24 young (24576K), 0 survivors (0K)
 Metaspace       used 10431K, capacity 10692K, committed 11008K, reserved 1058816K
  class space    used 1101K, capacity 1164K, committed 1280K, reserved 1048576K
}
Event: 0.884 GC heap after
{Heap after GC invocations=1 (full 0):
 garbage-first heap   total 194560K, used 8308K [0x0000000080000000, 0x0000000100000000)
  region size 1024K, 3 young (3072K), 3 survivors (3072K)
 Metaspace       used 10431K, capacity 10692K, committed 11008K, reserved 1058816K
  class space    used 1101K, capacity 1164K, committed 1280K, reserved 1048576K
}
Event: 2.427 GC heap before
{Heap before GC invocations=1 (full 0):
 garbage-first heap   total 194560K, used 88180K [0x0000000080000000, 0x0000000100000000)
  region size 1024K, 81 young (82944K), 3 survivors (3072K)
 Metaspace       used 20554K, capacity 20974K, committed 21248K, reserved 1069056K
  class space    used 2420K, capacity 2541K, committed 2560K, reserved 1048576K
}
Event: 2.435 GC heap after
{Heap after GC invocations=2 (full 0):
 garbage-first heap   total 194560K, used 15976K [0x0000000080000000, 0x0000000100000000)
  region size 1024K, 11 young (11264K), 11 survivors (11264K)
 Metaspace       used 20554K, capacity 20974K, committed 21248K, reserved 1069056K
  class space    used 2420K, capacity 2541K, committed 2560K, reserved 1048576K
}
Event: 2.948 GC heap before
{Heap before GC invocations=3 (full 0):
 garbage-first heap   total 194560K, used 54888K [0x0000000080000000, 0x0000000100000000)
  region size 1024K, 49 young (50176K), 11 survivors (11264K)
 Metaspace       used 25439K, capacity 26036K, committed 26240K, reserved 1073152K
  class space    used 3232K, capacity 3423K, committed 3456K, reserved 1048576K
}
Event: 2.953 GC heap after
{Heap after GC invocations=4 (full 0):
 garbage-first heap   total 194560K, used 17433K [0x0000000080000000, 0x0000000100000000)
  region size 1024K, 3 young (3072K), 3 survivors (3072K)
 Metaspace       used 25439K, capacity 26036K, committed 26240K, reserved 1073152K
  class space    used 3232K, capacity 3423K, committed 3456K, reserved 1048576K
}
Event: 3.704 GC heap before
{Heap before GC invocations=4 (full 0):
 garbage-first heap   total 194560K, used 69657K [0x0000000080000000, 0x0000000100000000)
  region size 1024K, 56 young (57344K), 3 survivors (3072K)
 Metaspace       used 34777K, capacity 35495K, committed 35628K, reserved 1081344K
  class space    used 4443K, capacity 4706K, committed 4736K, reserved 1048576K
}
Event: 3.712 GC heap after
{Heap after GC invocations=5 (full 0):
 garbage-first heap   total 194560K, used 20521K [0x0000000080000000, 0x0000000100000000)
  region size 1024K, 6 young (6144K), 6 survivors (6144K)
 Metaspace       used 34777K, capacity 35495K, committed 35628K, reserved 1081344K
  class space    used 4443K, capacity 4706K, committed 4736K, reserved 1048576K
}
Event: 4.819 GC heap before
{Heap before GC invocations=6 (full 0):
 garbage-first heap   total 194560K, used 116777K [0x0000000080000000, 0x0000000100000000)
  region size 1024K, 98 young (100352K), 6 survivors (6144K)
 Metaspace       used 42955K, capacity 43880K, committed 44032K, reserved 1087488K
  class space    used 5518K, capacity 5852K, committed 5888K, reserved 1048576K
}
Event: 4.828 GC heap after
{Heap after GC invocations=7 (full 0):
 garbage-first heap   total 194560K, used 26268K [0x0000000080000000, 0x0000000100000000)
  region size 1024K, 11 young (11264K), 11 survivors (11264K)
 Metaspace       used 42955K, capacity 43880K, committed 44032K, reserved 1087488K
  class space    used 5518K, capacity 5852K, committed 5888K, reserved 1048576K
}
Event: 6.026 GC heap before
{Heap before GC invocations=7 (full 0):
 garbage-first heap   total 194560K, used 137884K [0x0000000080000000, 0x0000000100000000)
  region size 1024K, 114 young (116736K), 11 survivors (11264K)
 Metaspace       used 53561K, capacity 54798K, committed 54912K, reserved 1097728K
  class space    used 6798K, capacity 7197K, committed 7296K, reserved 1048576K
}
Event: 6.045 GC heap after
{Heap after GC invocations=8 (full 0):
 garbage-first heap   total 194560K, used 45110K [0x0000000080000000, 0x0000000100000000)
  region size 1024K, 15 young (15360K), 15 survivors (15360K)
 Metaspace       used 53561K, capacity 54798K, committed 54912K, reserved 1097728K
  class space    used 6798K, capacity 7197K, committed 7296K, reserved 1048576K
}
Event: 6.735 GC heap before
{Heap before GC invocations=8 (full 0):
 garbage-first heap   total 194560K, used 84022K [0x0000000080000000, 0x0000000100000000)
  region size 1024K, 53 young (54272K), 15 survivors (15360K)
 Metaspace       used 58439K, capacity 59777K, committed 59904K, reserved 1101824K
  class space    used 7379K, capacity 7846K, committed 7936K, reserved 1048576K
}
Event: 6.757 GC heap after
{Heap after GC invocations=9 (full 0):
 garbage-first heap   total 194560K, used 48451K [0x0000000080000000, 0x0000000100000000)
  region size 1024K, 4 young (4096K), 4 survivors (4096K)
 Metaspace       used 58439K, capacity 59777K, committed 59904K, reserved 1101824K
  class space    used 7379K, capacity 7846K, committed 7936K, reserved 1048576K
}
Event: 8.247 GC heap before
{Heap before GC invocations=10 (full 0):
 garbage-first heap   total 194560K, used 127299K [0x0000000080000000, 0x0000000100000000)
  region size 1024K, 81 young (82944K), 4 survivors (4096K)
 Metaspace       used 65467K, capacity 67006K, committed 67328K, reserved 1107968K
  class space    used 8376K, capacity 8892K, committed 8960K, reserved 1048576K
}
Event: 8.254 GC heap after
{Heap after GC invocations=11 (full 0):
 garbage-first heap   total 194560K, used 54068K [0x0000000080000000, 0x0000000100000000)
  region size 1024K, 9 young (9216K), 9 survivors (9216K)
 Metaspace       used 65467K, capacity 67006K, committed 67328K, reserved 1107968K
  class space    used 8376K, capacity 8892K, committed 8960K, reserved 1048576K
}

